{
  "RSpec": {
    "coverage": {
      "/Users/pnilan/projects/running_log/config/environment.rb": [
        null,
        1,
        null,
        null,
        1,
        1,
        null,
        null,
        1
      ],
      "/Users/pnilan/projects/running_log/config/application.rb": [
        1,
        null,
        1,
        null,
        null,
        null,
        1,
        null,
        1,
        1,
        null,
        null,
        null,
        null,
        null,
        null,
        null,
        null,
        null,
        null,
        null,
        1,
        1,
        null,
        null
      ],
      "/Users/pnilan/projects/running_log/config/boot.rb": [
        null,
        1,
        null,
        1
      ],
      "/Users/pnilan/projects/running_log/config/initializers/app_env_vars.rb": [
        1,
        1
      ],
      "/Users/pnilan/projects/running_log/config/environments/test.rb": [
        1,
        null,
        null,
        null,
        null,
        null,
        null,
        1,
        null,
        null,
        null,
        null,
        1,
        null,
        null,
        1,
        1,
        null,
        null,
        1,
        1,
        null,
        null,
        1,
        null,
        null,
        1,
        null,
        null,
        null,
        null,
        1,
        null,
        null,
        1,
        null,
        null,
        1,
        null,
        1,
        null
      ],
      "/Users/pnilan/projects/running_log/config/initializers/backtrace_silencers.rb": [
        null,
        null,
        null,
        null,
        null,
        null,
        null
      ],
      "/Users/pnilan/projects/running_log/config/initializers/filter_parameter_logging.rb": [
        null,
        null,
        null,
        1
      ],
      "/Users/pnilan/projects/running_log/config/initializers/inflections.rb": [
        null,
        null,
        null,
        null,
        null,
        null,
        null,
        null,
        null,
        null,
        null,
        null,
        null,
        null,
        null,
        null
      ],
      "/Users/pnilan/projects/running_log/config/initializers/mime_types.rb": [
        null,
        null,
        null,
        null,
        null
      ],
      "/Users/pnilan/projects/running_log/config/initializers/secret_token.rb": [
        null,
        null,
        null,
        null,
        null,
        null,
        null,
        null,
        null,
        null,
        null,
        1,
        null,
        1,
        1,
        1,
        null,
        1,
        null,
        null,
        0,
        0,
        0,
        null,
        null,
        null,
        1
      ],
      "/Users/pnilan/projects/running_log/config/initializers/session_store.rb": [
        null,
        null,
        1
      ],
      "/Users/pnilan/projects/running_log/config/initializers/simple_form.rb": [
        null,
        1,
        null,
        null,
        null,
        null,
        null,
        1,
        null,
        null,
        null,
        null,
        null,
        null,
        null,
        null,
        null,
        1,
        null,
        null,
        null,
        1,
        null,
        null,
        null,
        null,
        null,
        null,
        null,
        null,
        1,
        null,
        null,
        1,
        null,
        null,
        1,
        null,
        null,
        1,
        null,
        null,
        1,
        1,
        1,
        null,
        null,
        null,
        1,
        null,
        null,
        null,
        null,
        null,
        1,
        null,
        null,
        1,
        null,
        null,
        null,
        null,
        null,
        null,
        null,
        1,
        null,
        null,
        1,
        null,
        null,
        null,
        null,
        null,
        null,
        null,
        null,
        null,
        null,
        null,
        null,
        null,
        null,
        null,
        null,
        null,
        null,
        null,
        null,
        null,
        null,
        null,
        null,
        null,
        null,
        null,
        null,
        1,
        null,
        null,
        null,
        null,
        null,
        null,
        null,
        null,
        null,
        null,
        null,
        null,
        null,
        null,
        null,
        1,
        null,
        null,
        null,
        null,
        null,
        null,
        null,
        null,
        null,
        null,
        null,
        null,
        null,
        null,
        null,
        null,
        null,
        null,
        null,
        null,
        null,
        null,
        null,
        null,
        null,
        null,
        null,
        null,
        null,
        null,
        null
      ],
      "/Users/pnilan/projects/running_log/config/initializers/simple_form_bootstrap.rb": [
        null,
        1,
        1,
        1,
        1,
        1,
        1,
        1,
        1,
        1,
        null,
        null,
        null,
        1,
        1,
        1,
        1,
        1,
        1,
        1,
        null,
        1,
        1,
        null,
        null,
        null,
        1,
        1,
        1,
        1,
        1,
        1,
        1,
        null,
        1,
        1,
        null,
        null,
        null,
        null,
        null,
        null,
        null,
        1,
        null
      ],
      "/Users/pnilan/projects/running_log/config/initializers/wrap_parameters.rb": [
        null,
        null,
        null,
        null,
        null,
        null,
        1,
        1,
        null,
        null,
        null,
        null,
        null,
        null
      ],
      "/Users/pnilan/projects/running_log/spec/factories.rb": [
        1,
        1,
        47,
        47,
        43,
        1,
        1,
        1,
        null,
        1,
        1,
        null,
        null,
        null,
        1,
        1,
        1,
        1,
        1,
        1,
        1,
        1,
        null,
        null,
        1,
        1,
        null,
        null
      ],
      "/Users/pnilan/projects/running_log/config/routes.rb": [
        1,
        null,
        1,
        1,
        1,
        1,
        null,
        1,
        1,
        1,
        null,
        1,
        1,
        1,
        null,
        1,
        null,
        1,
        1,
        1,
        null,
        null,
        null,
        null,
        null,
        null,
        null,
        null,
        null,
        null,
        null,
        null,
        null,
        null,
        null,
        null,
        null,
        null,
        null,
        null,
        null,
        null,
        null,
        null,
        null,
        null,
        null,
        null,
        null,
        null,
        null,
        null,
        null,
        null,
        null,
        null,
        null,
        null,
        null,
        null,
        null,
        null,
        null,
        null,
        null,
        null,
        null,
        null,
        null,
        null,
        null,
        null,
        null,
        null,
        null,
        null
      ],
      "/Users/pnilan/projects/running_log/app/helpers/activities_helper.rb": [
        1,
        null
      ],
      "/Users/pnilan/projects/running_log/app/helpers/application_helper.rb": [
        1,
        null,
        null,
        1,
        71,
        71,
        15,
        null,
        56,
        null,
        null,
        null,
        null,
        null,
        1,
        25,
        25,
        25,
        25,
        null,
        null,
        null
      ],
      "/Users/pnilan/projects/running_log/app/helpers/dashboard_helper.rb": [
        1,
        null
      ],
      "/Users/pnilan/projects/running_log/app/helpers/password_resets_helper.rb": [
        1,
        null
      ],
      "/Users/pnilan/projects/running_log/app/helpers/sessions_helper.rb": [
        1,
        null,
        1,
        15,
        15,
        0,
        null,
        15,
        null,
        15,
        15,
        null,
        null,
        1,
        121,
        null,
        null,
        1,
        16,
        null,
        null,
        1,
        277,
        277,
        null,
        null,
        1,
        8,
        null,
        null,
        1,
        39,
        9,
        9,
        null,
        null,
        null,
        1,
        1,
        1,
        1,
        null,
        null,
        1,
        11,
        11,
        null,
        null,
        1,
        9,
        null,
        null
      ],
      "/Users/pnilan/projects/running_log/app/helpers/static_pages_helper.rb": [
        1,
        null,
        null
      ],
      "/Users/pnilan/projects/running_log/app/helpers/users_helper.rb": [
        1,
        null
      ],
      "/Users/pnilan/projects/running_log/spec/support/mailer_macros.rb": [
        1,
        1,
        1,
        null,
        null,
        1,
        101,
        null,
        null
      ],
      "/Users/pnilan/projects/running_log/spec/support/utilities.rb": [
        1,
        6,
        6,
        3,
        null,
        3,
        null,
        null,
        null,
        1,
        10,
        null,
        4,
        4,
        4,
        null,
        6,
        6,
        6,
        6,
        null,
        null
      ],
      "/Users/pnilan/projects/running_log/app/controllers/password_resets_controller.rb": [
        1,
        null,
        1,
        null,
        1,
        1,
        1,
        1,
        null,
        null,
        1,
        0,
        null,
        null,
        1,
        0,
        0,
        0,
        0,
        0,
        null,
        0,
        null,
        null,
        null
      ],
      "/Users/pnilan/projects/running_log/app/controllers/application_controller.rb": [
        1,
        null,
        null,
        1,
        1,
        null
      ],
      "/Users/pnilan/projects/running_log/spec/mailers/user_mailer_spec.rb": [
        1,
        null,
        1,
        null,
        1,
        3,
        3,
        null,
        1,
        1,
        1,
        1,
        null,
        null,
        1,
        1,
        null,
        null,
        null
      ],
      "/Users/pnilan/projects/running_log/app/mailers/user_mailer.rb": [
        1,
        1,
        null,
        1,
        6,
        6,
        null,
        null
      ],
      "/Users/pnilan/projects/running_log/spec/models/activity_spec.rb": [
        1,
        null,
        1,
        null,
        15,
        null,
        1,
        14,
        null,
        null,
        15,
        null,
        2,
        2,
        2,
        2,
        2,
        2,
        2,
        2,
        2,
        null,
        2,
        null,
        1,
        2,
        2,
        null,
        null,
        1,
        2,
        2,
        null,
        null,
        1,
        2,
        2,
        null,
        null,
        1,
        2,
        2,
        null,
        null,
        null,
        null,
        null,
        null,
        null,
        null,
        null,
        null,
        null,
        null
      ],
      "/Users/pnilan/projects/running_log/app/models/activity.rb": [
        1,
        1,
        null,
        1,
        1,
        1,
        null,
        null,
        null,
        1,
        null,
        1,
        1,
        83,
        null,
        1,
        1,
        null,
        1,
        8,
        7,
        null,
        null,
        null,
        1,
        8,
        7,
        null,
        null,
        null,
        1,
        15,
        15,
        null,
        15,
        1,
        0,
        null,
        null,
        15,
        null,
        null,
        1,
        15,
        15,
        null,
        15,
        1,
        0,
        null,
        null,
        15,
        null,
        null,
        1,
        15,
        15,
        null,
        15,
        1,
        0,
        null,
        null,
        15,
        null,
        null,
        1,
        0,
        0,
        null,
        null,
        null
      ],
      "/Users/pnilan/projects/running_log/spec/models/type_spec.rb": [
        1,
        null,
        1,
        null,
        3,
        null,
        3,
        null,
        2,
        null,
        2,
        null,
        null
      ],
      "/Users/pnilan/projects/running_log/app/models/type.rb": [
        1,
        1,
        null
      ],
      "/Users/pnilan/projects/running_log/spec/models/user_spec.rb": [
        1,
        null,
        1,
        null,
        35,
        null,
        25,
        null,
        2,
        2,
        2,
        2,
        2,
        2,
        2,
        2,
        2,
        2,
        null,
        2,
        2,
        null,
        1,
        1,
        1,
        1,
        null,
        null,
        2,
        null,
        null,
        1,
        2,
        2,
        null,
        null,
        1,
        2,
        2,
        null,
        null,
        1,
        1,
        1,
        1,
        2,
        2,
        null,
        null,
        null,
        null,
        1,
        1,
        1,
        1,
        7,
        7,
        null,
        null,
        null,
        null,
        1,
        1,
        1,
        1,
        1,
        null,
        null,
        2,
        null,
        null,
        1,
        2,
        2,
        null,
        null,
        1,
        2,
        2,
        null,
        null,
        1,
        1,
        1,
        1,
        5,
        5,
        null,
        null,
        null,
        null,
        1,
        1,
        1,
        1,
        4,
        4,
        null,
        null,
        null,
        null,
        1,
        1,
        1,
        null,
        null,
        2,
        null,
        null,
        1,
        2,
        2,
        null,
        null,
        null,
        1,
        4,
        4,
        null,
        1,
        2,
        null,
        null,
        1,
        3,
        null,
        2,
        2,
        null,
        null,
        null,
        1,
        2,
        2,
        null,
        null,
        1,
        2,
        2,
        null,
        null,
        1,
        4,
        null,
        1,
        1,
        1,
        1,
        1,
        null,
        null,
        1,
        1,
        1,
        null,
        null,
        1,
        1,
        1,
        null,
        null,
        null,
        1,
        null,
        3,
        null,
        1,
        2,
        null,
        1,
        2,
        null,
        null,
        1,
        1,
        null,
        null,
        1,
        1,
        1,
        1,
        1,
        2,
        null,
        null,
        null,
        null
      ],
      "/Users/pnilan/projects/running_log/app/models/user.rb": [
        1,
        1,
        null,
        1,
        82,
        82,
        null,
        1,
        null,
        1,
        1,
        null,
        null,
        null,
        null,
        1,
        null,
        1,
        1,
        null,
        null,
        null,
        1,
        1,
        null,
        1,
        82,
        null,
        null,
        1,
        359,
        null,
        null,
        1,
        4,
        4,
        4,
        4,
        null,
        null,
        1,
        20,
        null,
        null,
        1,
        null,
        1,
        58,
        null,
        null,
        1,
        4,
        null,
        null
      ],
      "/Users/pnilan/projects/running_log/spec/requests/activity_pages_spec.rb": [
        1,
        null,
        1,
        null,
        2,
        null,
        4,
        1,
        3,
        3,
        null,
        null,
        1,
        null,
        4,
        null,
        1,
        null,
        1,
        2,
        null,
        null,
        1,
        2,
        2,
        null,
        null,
        null,
        1,
        null,
        1,
        1,
        1,
        null,
        null,
        1,
        2,
        null,
        null,
        null,
        null,
        null,
        1,
        1,
        0,
        0,
        null,
        null,
        null,
        null,
        1,
        1,
        null,
        null,
        1,
        null,
        1,
        null,
        null,
        null
      ],
      "/Users/pnilan/projects/running_log/spec/requests/authentication_pages_spec.rb": [
        1,
        null,
        1,
        null,
        13,
        null,
        1,
        11,
        null,
        2,
        2,
        2,
        null,
        1,
        4,
        null,
        2,
        2,
        null,
        1,
        2,
        2,
        null,
        null,
        null,
        1,
        5,
        1,
        4,
        4,
        4,
        null,
        null,
        2,
        2,
        2,
        null,
        1,
        2,
        2,
        null,
        null,
        null,
        null,
        1,
        null,
        1,
        7,
        null,
        3,
        null,
        1,
        1,
        1,
        1,
        1,
        1,
        null,
        null,
        1,
        null,
        1,
        1,
        null,
        null,
        null,
        null,
        1,
        null,
        1,
        2,
        2,
        null,
        null,
        1,
        2,
        2,
        null,
        null,
        1,
        2,
        2,
        null,
        null,
        null,
        1,
        null,
        1,
        2,
        2,
        null,
        null,
        1,
        2,
        2,
        null,
        null,
        1,
        2,
        2,
        null,
        null,
        1,
        2,
        2,
        null,
        null,
        null,
        null,
        1,
        5,
        5,
        2,
        5,
        null,
        1,
        3,
        2,
        2,
        null,
        null,
        1,
        2,
        2,
        null,
        null,
        1,
        2,
        2,
        null,
        null,
        null,
        null
      ],
      "/Users/pnilan/projects/running_log/spec/requests/password_reset_pages_spec.rb": [
        1,
        null,
        1,
        null,
        4,
        null,
        1,
        4,
        null,
        2,
        null,
        2,
        2,
        null,
        1,
        1,
        1,
        1,
        null,
        null,
        2,
        null,
        null,
        null
      ],
      "/Users/pnilan/projects/running_log/spec/requests/static_pages_spec.rb": [
        1,
        null,
        1,
        null,
        8,
        null,
        1,
        1,
        null,
        4,
        null,
        2,
        2,
        2,
        null,
        null,
        null,
        null,
        null,
        1,
        3,
        null,
        2,
        2,
        null,
        null,
        1,
        3,
        null,
        2,
        2,
        null,
        null
      ],
      "/Users/pnilan/projects/running_log/spec/requests/user_pages_spec.rb": [
        1,
        null,
        1,
        null,
        12,
        null,
        1,
        8,
        null,
        6,
        null,
        2,
        2,
        null,
        1,
        1,
        2,
        null,
        null,
        null,
        1,
        1,
        4,
        4,
        4,
        4,
        4,
        null,
        null,
        1,
        2,
        null,
        null,
        1,
        4,
        1,
        null,
        2,
        2,
        2,
        null,
        null,
        null,
        null,
        1,
        4,
        4,
        null,
        2,
        2,
        2,
        null,
        null,
        1,
        4,
        null,
        1,
        3,
        3,
        null,
        null,
        1,
        2,
        2,
        null,
        null,
        1,
        1,
        1,
        1,
        null,
        null,
        2,
        null,
        null,
        null
      ],
      "/Users/pnilan/projects/running_log/app/controllers/static_pages_controller.rb": [
        1,
        1,
        null,
        1,
        11,
        0,
        null,
        null,
        null,
        1,
        null,
        null,
        1,
        null,
        null
      ],
      "/Users/pnilan/projects/running_log/app/controllers/sessions_controller.rb": [
        1,
        null,
        1,
        null,
        1,
        null,
        null,
        1,
        14,
        14,
        null,
        11,
        11,
        null,
        null,
        3,
        3,
        null,
        null,
        null,
        1,
        1,
        1,
        null,
        null,
        null
      ],
      "/Users/pnilan/projects/running_log/app/controllers/dashboard_controller.rb": [
        1,
        1,
        null,
        1,
        15,
        15,
        15,
        15,
        null,
        null,
        1,
        0,
        0,
        0,
        null,
        null,
        1,
        null,
        null,
        null,
        null
      ],
      "/Users/pnilan/projects/running_log/app/controllers/users_controller.rb": [
        1,
        1,
        1,
        null,
        1,
        null,
        1,
        3,
        null,
        null,
        1,
        7,
        null,
        null,
        1,
        5,
        5,
        4,
        4,
        4,
        null,
        1,
        null,
        null,
        null,
        1,
        4,
        null,
        null,
        1,
        1,
        1,
        0,
        0,
        null,
        1,
        null,
        null,
        null,
        1,
        0,
        0,
        0,
        0,
        null,
        0,
        0,
        null,
        null,
        null,
        1,
        null,
        1,
        6,
        null,
        null,
        null,
        null,
        1,
        8,
        8,
        null,
        null
      ],
      "/Users/pnilan/projects/running_log/app/controllers/activities_controller.rb": [
        1,
        null,
        1,
        1,
        1,
        null,
        1,
        0,
        null,
        null,
        1,
        3,
        null,
        null,
        1,
        3,
        3,
        3,
        1,
        1,
        null,
        2,
        null,
        null,
        null,
        1,
        0,
        null,
        null,
        1,
        0,
        0,
        null,
        0,
        null,
        0,
        null,
        null,
        1,
        0,
        0,
        0,
        null,
        null,
        1,
        null,
        1,
        3,
        null,
        null,
        null,
        null,
        1,
        1,
        1,
        null,
        null
      ]
    },
    "timestamp": 1408629434
  }
}
